<?xml version="1.0" encoding="UTF-8"?>
<!-- Generated by org.testng.reporters.JUnitReportReporter -->
<testsuite hostname="TYSS-Madhumitha" failures="0" tests="3" name="jenkinspractice.PracticeTest" time="32.010" errors="0" timestamp="2024-06-19T11:24:37 IST" skipped="0">
  <testcase classname="jenkinspractice.PracticeTest" name="launchVtiger" time="13.774"/>
  <system-out>
    <![CDATA[Executed]]>
  </system-out>
  <testcase classname="jenkinspractice.PracticeTest" name="launchLinekdin" time="6.190"/>
  <system-out>
    <![CDATA[Executed]]>
  </system-out>
  <testcase classname="jenkinspractice.PracticeTest" name="launchFacebook" time="12.046"/>
  <system-out>
    <![CDATA[Executed]]>
  </system-out>
</testsuite> <!-- jenkinspractice.PracticeTest -->
